app/build/intermediates/manifest_merge_blame_file/release/manifest-merger-blame-release-report.txt
1<?xml version="1.0" encoding="utf-8"?>
2<manifest xmlns:android="http://schemas.android.com/apk/res/android"
3    package="com.veltrix.tv"
4    android:versionCode="33"
5    android:versionName="3.3" >
6
7    <uses-sdk
8        android:minSdkVersion="21"
9        android:targetSdkVersion="34" />
10
11    <uses-permission android:name="android.permission.INTERNET" />
11-->src/main/AndroidManifest.xml:5:5-67
11-->src/main/AndroidManifest.xml:5:22-64
12    <uses-permission android:name="android.permission.ACCESS_NETWORK_STATE" />
12-->src/main/AndroidManifest.xml:6:5-79
12-->src/main/AndroidManifest.xml:6:22-76
13    <uses-permission android:name="android.permission.RECEIVE_BOOT_COMPLETED" />
13-->src/main/AndroidManifest.xml:7:5-81
13-->src/main/AndroidManifest.xml:7:22-78
14    <uses-permission android:name="android.permission.READ_EXTERNAL_STORAGE" />
14-->src/main/AndroidManifest.xml:8:5-80
14-->src/main/AndroidManifest.xml:8:22-77
15    <uses-permission android:name="android.permission.MANAGE_EXTERNAL_STORAGE" />
15-->src/main/AndroidManifest.xml:9:5-10:40
15-->src/main/AndroidManifest.xml:9:22-79
16    <uses-permission android:name="android.permission.WAKE_LOCK" />
16-->src/main/AndroidManifest.xml:11:5-68
16-->src/main/AndroidManifest.xml:11:22-65
17
18    <uses-feature
18-->src/main/AndroidManifest.xml:13:5-15:36
19        android:name="android.software.leanback"
19-->src/main/AndroidManifest.xml:14:9-49
20        android:required="false" />
20-->src/main/AndroidManifest.xml:15:9-33
21    <uses-feature
21-->src/main/AndroidManifest.xml:16:5-18:36
22        android:name="android.hardware.touchscreen"
22-->src/main/AndroidManifest.xml:17:9-52
23        android:required="false" />
23-->src/main/AndroidManifest.xml:18:9-33
24
25    <permission
25-->[androidx.core:core:1.12.0] AndroidManifest.xml:22:5-24:47
26        android:name="com.veltrix.tv.DYNAMIC_RECEIVER_NOT_EXPORTED_PERMISSION"
26-->[androidx.core:core:1.12.0] AndroidManifest.xml:23:9-81
27        android:protectionLevel="signature" />
27-->[androidx.core:core:1.12.0] AndroidManifest.xml:24:9-44
28
29    <uses-permission android:name="com.veltrix.tv.DYNAMIC_RECEIVER_NOT_EXPORTED_PERMISSION" />
29-->[androidx.core:core:1.12.0] AndroidManifest.xml:26:5-97
29-->[androidx.core:core:1.12.0] AndroidManifest.xml:26:22-94
30
31    <application
31-->src/main/AndroidManifest.xml:20:5-55:19
32        android:allowBackup="true"
32-->src/main/AndroidManifest.xml:21:9-35
33        android:appComponentFactory="androidx.core.app.CoreComponentFactory"
33-->[androidx.core:core:1.12.0] AndroidManifest.xml:28:18-86
34        android:banner="@drawable/ic_launcher"
34-->src/main/AndroidManifest.xml:27:9-47
35        android:extractNativeLibs="true"
36        android:icon="@drawable/ic_launcher"
36-->src/main/AndroidManifest.xml:22:9-45
37        android:label="Veltrix TV"
37-->src/main/AndroidManifest.xml:23:9-35
38        android:requestLegacyExternalStorage="true"
38-->src/main/AndroidManifest.xml:26:9-52
39        android:supportsRtl="true"
39-->src/main/AndroidManifest.xml:24:9-35
40        android:theme="@style/AppTheme" >
40-->src/main/AndroidManifest.xml:25:9-40
41        <activity
41-->src/main/AndroidManifest.xml:29:9-43:20
42            android:name="com.veltrix.tv.PlaybackActivity"
42-->src/main/AndroidManifest.xml:30:13-45
43            android:configChanges="orientation|screenSize|keyboardHidden"
43-->src/main/AndroidManifest.xml:32:13-74
44            android:exported="true"
44-->src/main/AndroidManifest.xml:31:13-36
45            android:keepScreenOn="true"
45-->src/main/AndroidManifest.xml:34:13-40
46            android:launchMode="singleTask"
46-->src/main/AndroidManifest.xml:35:13-44
47            android:screenOrientation="landscape" >
47-->src/main/AndroidManifest.xml:33:13-50
48            <intent-filter>
48-->src/main/AndroidManifest.xml:36:13-42:29
49                <action android:name="android.intent.action.MAIN" />
49-->src/main/AndroidManifest.xml:37:17-69
49-->src/main/AndroidManifest.xml:37:25-66
50
51                <category android:name="android.intent.category.LAUNCHER" />
51-->src/main/AndroidManifest.xml:38:17-77
51-->src/main/AndroidManifest.xml:38:27-74
52                <category android:name="android.intent.category.LEANBACK_LAUNCHER" />
52-->src/main/AndroidManifest.xml:39:17-86
52-->src/main/AndroidManifest.xml:39:27-83
53                <category android:name="android.intent.category.HOME" />
53-->src/main/AndroidManifest.xml:40:17-73
53-->src/main/AndroidManifest.xml:40:27-70
54                <category android:name="android.intent.category.DEFAULT" />
54-->src/main/AndroidManifest.xml:41:17-76
54-->src/main/AndroidManifest.xml:41:27-73
55            </intent-filter>
56        </activity>
57
58        <receiver
58-->src/main/AndroidManifest.xml:45:9-53:20
59            android:name="com.veltrix.tv.BootReceiver"
59-->src/main/AndroidManifest.xml:46:13-41
60            android:enabled="true"
60-->src/main/AndroidManifest.xml:48:13-35
61            android:exported="true" >
61-->src/main/AndroidManifest.xml:47:13-36
62            <intent-filter>
62-->src/main/AndroidManifest.xml:49:13-52:29
63                <action android:name="android.intent.action.BOOT_COMPLETED" />
63-->src/main/AndroidManifest.xml:50:17-79
63-->src/main/AndroidManifest.xml:50:25-76
64                <action android:name="android.intent.action.QUICKBOOT_POWERON" />
64-->src/main/AndroidManifest.xml:51:17-82
64-->src/main/AndroidManifest.xml:51:25-79
65            </intent-filter>
66        </receiver>
67
68        <provider
68-->[androidx.emoji2:emoji2:1.2.0] AndroidManifest.xml:24:9-32:20
69            android:name="androidx.startup.InitializationProvider"
69-->[androidx.emoji2:emoji2:1.2.0] AndroidManifest.xml:25:13-67
70            android:authorities="com.veltrix.tv.androidx-startup"
70-->[androidx.emoji2:emoji2:1.2.0] AndroidManifest.xml:26:13-68
71            android:exported="false" >
71-->[androidx.emoji2:emoji2:1.2.0] AndroidManifest.xml:27:13-37
72            <meta-data
72-->[androidx.emoji2:emoji2:1.2.0] AndroidManifest.xml:29:13-31:52
73                android:name="androidx.emoji2.text.EmojiCompatInitializer"
73-->[androidx.emoji2:emoji2:1.2.0] AndroidManifest.xml:30:17-75
74                android:value="androidx.startup" />
74-->[androidx.emoji2:emoji2:1.2.0] AndroidManifest.xml:31:17-49
75            <meta-data
75-->[androidx.lifecycle:lifecycle-process:2.4.1] AndroidManifest.xml:31:13-33:52
76                android:name="androidx.lifecycle.ProcessLifecycleInitializer"
76-->[androidx.lifecycle:lifecycle-process:2.4.1] AndroidManifest.xml:32:17-78
77                android:value="androidx.startup" />
77-->[androidx.lifecycle:lifecycle-process:2.4.1] AndroidManifest.xml:33:17-49
78        </provider>
79    </application>
80
81</manifest>